0 info it worked if it ends with ok
1 verbose cli [ '/usr/bin/node', '/bin/npm', 'install', 'node' ]
2 info using npm@3.10.10
3 info using node@v6.10.2
4 silly loadCurrentTree Starting
5 silly install loadCurrentTree
6 silly install readLocalPackageData
7 silly fetchPackageMetaData node
8 silly fetchNamedPackageData node
9 silly mapToRegistry name node
10 silly mapToRegistry using default registry
11 silly mapToRegistry registry https://registry.npmjs.org/
12 silly mapToRegistry data Result {
12 silly mapToRegistry   raw: 'node',
12 silly mapToRegistry   scope: null,
12 silly mapToRegistry   escapedName: 'node',
12 silly mapToRegistry   name: 'node',
12 silly mapToRegistry   rawSpec: '',
12 silly mapToRegistry   spec: 'latest',
12 silly mapToRegistry   type: 'tag' }
13 silly mapToRegistry uri https://registry.npmjs.org/node
14 verbose request uri https://registry.npmjs.org/node
15 verbose request no auth needed
16 info attempt registry request try #1 at 12:58:03 PM
17 verbose request id f5e5a68d4ec35ef3
18 http request GET https://registry.npmjs.org/node
19 http 200 https://registry.npmjs.org/node
20 verbose headers { date: 'Thu, 26 May 2022 19:58:03 GMT',
20 verbose headers   'content-type': 'application/json',
20 verbose headers   'transfer-encoding': 'chunked',
20 verbose headers   connection: 'keep-alive',
20 verbose headers   'cf-ray': '7119155a78d90871-SEA',
20 verbose headers   'access-control-allow-origin': '*',
20 verbose headers   age: '128',
20 verbose headers   'cache-control': 'public, max-age=300',
20 verbose headers   etag: 'W/"ce34d18c9716bbd5bd5dccc01d45387e"',
20 verbose headers   'last-modified': 'Tue, 10 May 2022 23:13:48 GMT',
20 verbose headers   vary: 'accept-encoding, accept',
20 verbose headers   'cf-cache-status': 'HIT',
20 verbose headers   'expect-ct': 'max-age=604800, report-uri="https://report-uri.cloudflare.com/cdn-cgi/beacon/expect-ct"',
20 verbose headers   'x-amz-replication-status': 'PENDING',
20 verbose headers   server: 'cloudflare',
20 verbose headers   'content-encoding': 'gzip' }
21 silly get cb [ 200,
21 silly get   { date: 'Thu, 26 May 2022 19:58:03 GMT',
21 silly get     'content-type': 'application/json',
21 silly get     'transfer-encoding': 'chunked',
21 silly get     connection: 'keep-alive',
21 silly get     'cf-ray': '7119155a78d90871-SEA',
21 silly get     'access-control-allow-origin': '*',
21 silly get     age: '128',
21 silly get     'cache-control': 'public, max-age=300',
21 silly get     etag: 'W/"ce34d18c9716bbd5bd5dccc01d45387e"',
21 silly get     'last-modified': 'Tue, 10 May 2022 23:13:48 GMT',
21 silly get     vary: 'accept-encoding, accept',
21 silly get     'cf-cache-status': 'HIT',
21 silly get     'expect-ct': 'max-age=604800, report-uri="https://report-uri.cloudflare.com/cdn-cgi/beacon/expect-ct"',
21 silly get     'x-amz-replication-status': 'PENDING',
21 silly get     server: 'cloudflare',
21 silly get     'content-encoding': 'gzip' } ]
22 verbose get saving node to /nfs/stak/users/schoorja/.npm/registry.npmjs.org/node/.cache.json
23 verbose correctMkdir /nfs/stak/users/schoorja/.npm correctMkdir not in flight; initializing
24 silly install normalizeTree
25 silly loadCurrentTree Finishing
26 silly loadIdealTree Starting
27 silly install loadIdealTree
28 silly cloneCurrentTree Starting
29 silly install cloneCurrentTreeToIdealTree
30 silly cloneCurrentTree Finishing
31 silly loadShrinkwrap Starting
32 silly install loadShrinkwrap
33 silly loadShrinkwrap Finishing
34 silly loadAllDepsIntoIdealTree Starting
35 silly install loadAllDepsIntoIdealTree
36 silly resolveWithNewModule node@17.7.2 checking installable status
37 silly cache add args [ 'node', null ]
38 verbose cache add spec node
39 silly cache add parsed spec Result {
39 silly cache add   raw: 'node',
39 silly cache add   scope: null,
39 silly cache add   escapedName: 'node',
39 silly cache add   name: 'node',
39 silly cache add   rawSpec: '',
39 silly cache add   spec: 'latest',
39 silly cache add   type: 'tag' }
40 silly addNamed node@latest
41 verbose addNamed "latest" is being treated as a dist-tag for node
42 info addNameTag [ 'node', 'latest' ]
43 silly mapToRegistry name node
44 silly mapToRegistry using default registry
45 silly mapToRegistry registry https://registry.npmjs.org/
46 silly mapToRegistry data Result {
46 silly mapToRegistry   raw: 'node',
46 silly mapToRegistry   scope: null,
46 silly mapToRegistry   escapedName: 'node',
46 silly mapToRegistry   name: 'node',
46 silly mapToRegistry   rawSpec: '',
46 silly mapToRegistry   spec: 'latest',
46 silly mapToRegistry   type: 'tag' }
47 silly mapToRegistry uri https://registry.npmjs.org/node
48 verbose addNameTag registry:https://registry.npmjs.org/node not in flight; fetching
49 verbose get https://registry.npmjs.org/node not expired, no request
50 silly addNameTag next cb for node with tag latest
51 silly addNamed node@17.7.2
52 verbose addNamed "17.7.2" is a plain semver version for node
53 silly mapToRegistry name node
54 silly mapToRegistry using default registry
55 silly mapToRegistry registry https://registry.npmjs.org/
56 silly mapToRegistry data Result {
56 silly mapToRegistry   raw: 'node',
56 silly mapToRegistry   scope: null,
56 silly mapToRegistry   escapedName: 'node',
56 silly mapToRegistry   name: 'node',
56 silly mapToRegistry   rawSpec: '',
56 silly mapToRegistry   spec: 'latest',
56 silly mapToRegistry   type: 'tag' }
57 silly mapToRegistry uri https://registry.npmjs.org/node
58 verbose addRemoteTarball https://registry.npmjs.org/node/-/node-17.7.2.tgz not in flight; adding
59 verbose addRemoteTarball [ 'https://registry.npmjs.org/node/-/node-17.7.2.tgz',
59 verbose addRemoteTarball   '855d617466fefb458b2b985155bdbbd23befaacc' ]
60 info retry fetch attempt 1 at 12:58:04 PM
61 info attempt registry request try #1 at 12:58:04 PM
62 http fetch GET https://registry.npmjs.org/node/-/node-17.7.2.tgz
63 http fetch 200 https://registry.npmjs.org/node/-/node-17.7.2.tgz
64 silly fetchAndShaCheck shasum 855d617466fefb458b2b985155bdbbd23befaacc
65 verbose addTmpTarball /tmp/npm-28907-57af8aa1/registry.npmjs.org/node/-/node-17.7.2.tgz not in flight; adding
66 verbose addTmpTarball already have metadata; skipping unpack for node@17.7.2
67 verbose correctMkdir /nfs/stak/users/schoorja/.npm correctMkdir not in flight; initializing
68 silly cache afterAdd node@17.7.2
69 verbose afterAdd /nfs/stak/users/schoorja/.npm/node/17.7.2/package/package.json not in flight; writing
70 verbose correctMkdir /nfs/stak/users/schoorja/.npm correctMkdir not in flight; initializing
71 verbose afterAdd /nfs/stak/users/schoorja/.npm/node/17.7.2/package/package.json written
72 silly fetchNamedPackageData node-bin-setup
73 silly mapToRegistry name node-bin-setup
74 silly mapToRegistry using default registry
75 silly mapToRegistry registry https://registry.npmjs.org/
76 silly mapToRegistry data Result {
76 silly mapToRegistry   raw: 'node-bin-setup',
76 silly mapToRegistry   scope: null,
76 silly mapToRegistry   escapedName: 'node-bin-setup',
76 silly mapToRegistry   name: 'node-bin-setup',
76 silly mapToRegistry   rawSpec: '',
76 silly mapToRegistry   spec: 'latest',
76 silly mapToRegistry   type: 'tag' }
77 silly mapToRegistry uri https://registry.npmjs.org/node-bin-setup
78 verbose request uri https://registry.npmjs.org/node-bin-setup
79 verbose request no auth needed
80 info attempt registry request try #1 at 12:58:04 PM
81 http request GET https://registry.npmjs.org/node-bin-setup
82 http 200 https://registry.npmjs.org/node-bin-setup
83 verbose headers { date: 'Thu, 26 May 2022 19:58:04 GMT',
83 verbose headers   'content-type': 'application/json',
83 verbose headers   'transfer-encoding': 'chunked',
83 verbose headers   connection: 'keep-alive',
83 verbose headers   'cf-ray': '7119155dbd3b0871-SEA',
83 verbose headers   'access-control-allow-origin': '*',
83 verbose headers   age: '210',
83 verbose headers   'cache-control': 'public, max-age=300',
83 verbose headers   etag: 'W/"607522202366f1eda4092c7fc4b0c5a4"',
83 verbose headers   'last-modified': 'Tue, 10 May 2022 23:36:38 GMT',
83 verbose headers   vary: 'accept-encoding, accept',
83 verbose headers   'cf-cache-status': 'HIT',
83 verbose headers   'expect-ct': 'max-age=604800, report-uri="https://report-uri.cloudflare.com/cdn-cgi/beacon/expect-ct"',
83 verbose headers   'x-amz-replication-status': 'PENDING',
83 verbose headers   server: 'cloudflare',
83 verbose headers   'content-encoding': 'gzip' }
84 silly get cb [ 200,
84 silly get   { date: 'Thu, 26 May 2022 19:58:04 GMT',
84 silly get     'content-type': 'application/json',
84 silly get     'transfer-encoding': 'chunked',
84 silly get     connection: 'keep-alive',
84 silly get     'cf-ray': '7119155dbd3b0871-SEA',
84 silly get     'access-control-allow-origin': '*',
84 silly get     age: '210',
84 silly get     'cache-control': 'public, max-age=300',
84 silly get     etag: 'W/"607522202366f1eda4092c7fc4b0c5a4"',
84 silly get     'last-modified': 'Tue, 10 May 2022 23:36:38 GMT',
84 silly get     vary: 'accept-encoding, accept',
84 silly get     'cf-cache-status': 'HIT',
84 silly get     'expect-ct': 'max-age=604800, report-uri="https://report-uri.cloudflare.com/cdn-cgi/beacon/expect-ct"',
84 silly get     'x-amz-replication-status': 'PENDING',
84 silly get     server: 'cloudflare',
84 silly get     'content-encoding': 'gzip' } ]
85 verbose get saving node-bin-setup to /nfs/stak/users/schoorja/.npm/registry.npmjs.org/node-bin-setup/.cache.json
86 verbose correctMkdir /nfs/stak/users/schoorja/.npm correctMkdir not in flight; initializing
87 silly resolveWithNewModule node-bin-setup@1.1.0 checking installable status
88 silly cache add args [ 'node-bin-setup@^1.0.0', null ]
89 verbose cache add spec node-bin-setup@^1.0.0
90 silly cache add parsed spec Result {
90 silly cache add   raw: 'node-bin-setup@^1.0.0',
90 silly cache add   scope: null,
90 silly cache add   escapedName: 'node-bin-setup',
90 silly cache add   name: 'node-bin-setup',
90 silly cache add   rawSpec: '^1.0.0',
90 silly cache add   spec: '>=1.0.0 <2.0.0',
90 silly cache add   type: 'range' }
91 silly addNamed node-bin-setup@>=1.0.0 <2.0.0
92 verbose addNamed ">=1.0.0 <2.0.0" is a valid semver range for node-bin-setup
93 silly addNameRange { name: 'node-bin-setup',
93 silly addNameRange   range: '>=1.0.0 <2.0.0',
93 silly addNameRange   hasData: false }
94 silly mapToRegistry name node-bin-setup
95 silly mapToRegistry using default registry
96 silly mapToRegistry registry https://registry.npmjs.org/
97 silly mapToRegistry data Result {
97 silly mapToRegistry   raw: 'node-bin-setup',
97 silly mapToRegistry   scope: null,
97 silly mapToRegistry   escapedName: 'node-bin-setup',
97 silly mapToRegistry   name: 'node-bin-setup',
97 silly mapToRegistry   rawSpec: '',
97 silly mapToRegistry   spec: 'latest',
97 silly mapToRegistry   type: 'tag' }
98 silly mapToRegistry uri https://registry.npmjs.org/node-bin-setup
99 verbose addNameRange registry:https://registry.npmjs.org/node-bin-setup not in flight; fetching
100 verbose get https://registry.npmjs.org/node-bin-setup not expired, no request
101 silly addNameRange number 2 { name: 'node-bin-setup',
101 silly addNameRange   range: '>=1.0.0 <2.0.0',
101 silly addNameRange   hasData: true }
102 silly addNameRange versions [ 'node-bin-setup',
102 silly addNameRange   [ '1.0.0', '1.0.1', '1.0.2', '1.0.3', '1.0.4', '1.0.6', '1.1.0' ] ]
103 silly addNamed node-bin-setup@1.1.0
104 verbose addNamed "1.1.0" is a plain semver version for node-bin-setup
105 silly mapToRegistry name node-bin-setup
106 silly mapToRegistry using default registry
107 silly mapToRegistry registry https://registry.npmjs.org/
108 silly mapToRegistry data Result {
108 silly mapToRegistry   raw: 'node-bin-setup',
108 silly mapToRegistry   scope: null,
108 silly mapToRegistry   escapedName: 'node-bin-setup',
108 silly mapToRegistry   name: 'node-bin-setup',
108 silly mapToRegistry   rawSpec: '',
108 silly mapToRegistry   spec: 'latest',
108 silly mapToRegistry   type: 'tag' }
109 silly mapToRegistry uri https://registry.npmjs.org/node-bin-setup
110 verbose addRemoteTarball https://registry.npmjs.org/node-bin-setup/-/node-bin-setup-1.1.0.tgz not in flight; adding
111 verbose addRemoteTarball [ 'https://registry.npmjs.org/node-bin-setup/-/node-bin-setup-1.1.0.tgz',
111 verbose addRemoteTarball   '9df94c41335a8f41958a639b2736f860582a209c' ]
112 info retry fetch attempt 1 at 12:58:04 PM
113 info attempt registry request try #1 at 12:58:04 PM
114 http fetch GET https://registry.npmjs.org/node-bin-setup/-/node-bin-setup-1.1.0.tgz
115 http fetch 200 https://registry.npmjs.org/node-bin-setup/-/node-bin-setup-1.1.0.tgz
116 silly fetchAndShaCheck shasum 9df94c41335a8f41958a639b2736f860582a209c
117 verbose addTmpTarball /tmp/npm-28907-57af8aa1/registry.npmjs.org/node-bin-setup/-/node-bin-setup-1.1.0.tgz not in flight; adding
118 verbose addTmpTarball already have metadata; skipping unpack for node-bin-setup@1.1.0
119 verbose correctMkdir /nfs/stak/users/schoorja/.npm correctMkdir not in flight; initializing
120 silly cache afterAdd node-bin-setup@1.1.0
121 verbose afterAdd /nfs/stak/users/schoorja/.npm/node-bin-setup/1.1.0/package/package.json not in flight; writing
122 verbose correctMkdir /nfs/stak/users/schoorja/.npm correctMkdir not in flight; initializing
123 verbose afterAdd /nfs/stak/users/schoorja/.npm/node-bin-setup/1.1.0/package/package.json written
124 silly loadAllDepsIntoIdealTree Finishing
125 silly loadIdealTree Finishing
126 silly currentTree pokemon-ui@1.0.0
127 silly idealTree pokemon-ui@1.0.0
127 silly idealTree ├── node-bin-setup@1.1.0
127 silly idealTree └── node@17.7.2
128 silly generateActionsToTake Starting
129 silly install generateActionsToTake
130 silly generateActionsToTake Finishing
131 silly diffTrees action count 2
132 silly diffTrees add node-bin-setup@1.1.0
133 silly diffTrees add node@17.7.2
134 silly decomposeActions action count 16
135 silly decomposeActions fetch node-bin-setup@1.1.0
136 silly decomposeActions extract node-bin-setup@1.1.0
137 silly decomposeActions test node-bin-setup@1.1.0
138 silly decomposeActions preinstall node-bin-setup@1.1.0
139 silly decomposeActions build node-bin-setup@1.1.0
140 silly decomposeActions install node-bin-setup@1.1.0
141 silly decomposeActions postinstall node-bin-setup@1.1.0
142 silly decomposeActions finalize node-bin-setup@1.1.0
143 silly decomposeActions fetch node@17.7.2
144 silly decomposeActions extract node@17.7.2
145 silly decomposeActions test node@17.7.2
146 silly decomposeActions preinstall node@17.7.2
147 silly decomposeActions build node@17.7.2
148 silly decomposeActions install node@17.7.2
149 silly decomposeActions postinstall node@17.7.2
150 silly decomposeActions finalize node@17.7.2
151 silly runTopLevelLifecycles Starting
152 silly executeActions Starting
153 silly install executeActions
154 silly doSerial global-install 0
155 silly doParallel fetch 2
156 verbose correctMkdir /nfs/stak/users/schoorja/.npm/_locks correctMkdir not in flight; initializing
157 verbose lock using /nfs/stak/users/schoorja/.npm/_locks/staging-ba913188bf77411c.lock for /nfs/stak/users/schoorja/pokemonDB_UI/node_modules/.staging
158 silly doParallel extract 2
159 silly extract node-bin-setup@1.1.0
160 silly extract node@17.7.2
161 verbose unbuild node_modules/.staging/node-bin-setup-32c40cdf
162 silly gentlyRm /nfs/stak/users/schoorja/pokemonDB_UI/node_modules/.staging/node-bin-setup-32c40cdf is being purged from base /nfs/stak/users/schoorja/pokemonDB_UI
163 verbose gentlyRm don't care about contents; nuking /nfs/stak/users/schoorja/pokemonDB_UI/node_modules/.staging/node-bin-setup-32c40cdf
164 verbose unbuild node_modules/.staging/node-aeb6c433
165 verbose tar unpack /nfs/stak/users/schoorja/.npm/node-bin-setup/1.1.0/package.tgz
166 verbose tar unpacking to /nfs/stak/users/schoorja/pokemonDB_UI/node_modules/.staging/node-bin-setup-32c40cdf
167 silly gentlyRm /nfs/stak/users/schoorja/pokemonDB_UI/node_modules/.staging/node-bin-setup-32c40cdf is being purged
168 verbose gentlyRm don't care about contents; nuking /nfs/stak/users/schoorja/pokemonDB_UI/node_modules/.staging/node-bin-setup-32c40cdf
169 silly gunzTarPerm modes [ '770', '660' ]
170 silly gentlyRm /nfs/stak/users/schoorja/pokemonDB_UI/node_modules/.staging/node-aeb6c433 is being purged from base /nfs/stak/users/schoorja/pokemonDB_UI
171 verbose gentlyRm don't care about contents; nuking /nfs/stak/users/schoorja/pokemonDB_UI/node_modules/.staging/node-aeb6c433
172 verbose tar unpack /nfs/stak/users/schoorja/.npm/node/17.7.2/package.tgz
173 verbose tar unpacking to /nfs/stak/users/schoorja/pokemonDB_UI/node_modules/.staging/node-aeb6c433
174 silly gentlyRm /nfs/stak/users/schoorja/pokemonDB_UI/node_modules/.staging/node-aeb6c433 is being purged
175 verbose gentlyRm don't care about contents; nuking /nfs/stak/users/schoorja/pokemonDB_UI/node_modules/.staging/node-aeb6c433
176 silly gunzTarPerm modes [ '770', '660' ]
177 silly gunzTarPerm extractEntry index.js
178 silly gunzTarPerm modified mode [ 'index.js', 420, 432 ]
179 silly gunzTarPerm extractEntry installArchSpecificPackage.js
180 silly gunzTarPerm modified mode [ 'installArchSpecificPackage.js', 420, 432 ]
181 silly gunzTarPerm extractEntry package.json
182 silly gunzTarPerm modified mode [ 'package.json', 420, 432 ]
183 silly gunzTarPerm extractEntry .github/dependabot.yml
184 silly gunzTarPerm modified mode [ '.github/dependabot.yml', 420, 432 ]
185 silly gunzTarPerm extractEntry package.json
186 silly gunzTarPerm modified mode [ 'package.json', 420, 432 ]
187 silly gunzTarPerm extractEntry README.md
188 silly gunzTarPerm modified mode [ 'README.md', 420, 432 ]
189 silly gentlyRm /nfs/stak/users/schoorja/pokemonDB_UI/node_modules/.staging/node-bin-setup-32c40cdf/node_modules is being purged
190 verbose gentlyRm don't care about contents; nuking /nfs/stak/users/schoorja/pokemonDB_UI/node_modules/.staging/node-bin-setup-32c40cdf/node_modules
191 silly gentlyRm /nfs/stak/users/schoorja/pokemonDB_UI/node_modules/.staging/node-aeb6c433/node_modules is being purged
192 verbose gentlyRm don't care about contents; nuking /nfs/stak/users/schoorja/pokemonDB_UI/node_modules/.staging/node-aeb6c433/node_modules
193 silly doParallel preinstall 2
194 silly preinstall node-bin-setup@1.1.0 /nfs/stak/users/schoorja/pokemonDB_UI/node_modules/.staging/node-bin-setup-32c40cdf
195 info lifecycle node-bin-setup@1.1.0~preinstall: node-bin-setup@1.1.0
196 silly preinstall node@17.7.2 /nfs/stak/users/schoorja/pokemonDB_UI/node_modules/.staging/node-aeb6c433
197 info lifecycle node@17.7.2~preinstall: node@17.7.2
198 silly lifecycle node-bin-setup@1.1.0~preinstall: no script for preinstall, continuing
199 verbose lifecycle node@17.7.2~preinstall: unsafe-perm in lifecycle true
200 verbose lifecycle node@17.7.2~preinstall: PATH: /usr/lib/node_modules/npm/bin/node-gyp-bin:/nfs/stak/users/schoorja/pokemonDB_UI/node_modules/.staging/node-aeb6c433/node_modules/.bin:/nfs/stak/users/schoorja/pokemonDB_UI/node_modules/.bin:/usr/bin:/bin:/sbin:/usr/local/bin:/usr/bin:/usr/local/apps/bin:/nfs/stak/users/schoorja/bin:.
201 verbose lifecycle node@17.7.2~preinstall: CWD: /nfs/stak/users/schoorja/pokemonDB_UI/node_modules/.staging/node-aeb6c433
202 silly lifecycle node@17.7.2~preinstall: Args: [ '-c', 'node installArchSpecificPackage' ]
203 silly lifecycle node@17.7.2~preinstall: Returned: code: 1  signal: null
204 info lifecycle node@17.7.2~preinstall: Failed to exec preinstall script
205 verbose unlock done using /nfs/stak/users/schoorja/.npm/_locks/staging-ba913188bf77411c.lock for /nfs/stak/users/schoorja/pokemonDB_UI/node_modules/.staging
206 silly rollbackFailedOptional Starting
207 silly rollbackFailedOptional Finishing
208 silly runTopLevelLifecycles Finishing
209 silly install printInstalled
210 warn pokemon-ui@1.0.0 No repository field.
211 verbose If you need help, you may report this error at:
211 verbose     <https://github.com/npm/npm/issues>
212 verbose stack Error: node@17.7.2 preinstall: `node installArchSpecificPackage`
212 verbose stack Exit status 1
212 verbose stack     at EventEmitter.<anonymous> (/usr/lib/node_modules/npm/lib/utils/lifecycle.js:255:16)
212 verbose stack     at emitTwo (events.js:106:13)
212 verbose stack     at EventEmitter.emit (events.js:191:7)
212 verbose stack     at ChildProcess.<anonymous> (/usr/lib/node_modules/npm/lib/utils/spawn.js:40:14)
212 verbose stack     at emitTwo (events.js:106:13)
212 verbose stack     at ChildProcess.emit (events.js:191:7)
212 verbose stack     at maybeClose (internal/child_process.js:886:16)
212 verbose stack     at Process.ChildProcess._handle.onexit (internal/child_process.js:226:5)
213 verbose pkgid node@17.7.2
214 verbose cwd /nfs/stak/users/schoorja/pokemonDB_UI
215 error Linux 3.10.0-1160.59.1.el7.x86_64
216 error argv "/usr/bin/node" "/bin/npm" "install" "node"
217 error node v6.10.2
218 error npm  v3.10.10
219 error code ELIFECYCLE
220 error node@17.7.2 preinstall: `node installArchSpecificPackage`
220 error Exit status 1
221 error Failed at the node@17.7.2 preinstall script 'node installArchSpecificPackage'.
221 error Make sure you have the latest version of node.js and npm installed.
221 error If you do, this is most likely a problem with the node package,
221 error not with npm itself.
221 error Tell the author that this fails on your system:
221 error     node installArchSpecificPackage
221 error You can get information on how to open an issue for this project with:
221 error     npm bugs node
221 error Or if that isn't available, you can get their info via:
221 error     npm owner ls node
221 error There is likely additional logging output above.
222 verbose exit [ 1, true ]
